<?xml version="1.0" encoding="UTF-8"?>
<!-- Generated by org.testng.reporters.JUnitReportReporter -->
<testsuite hostname="FOCUS-QA-118" name="com.focus.testcases.CustomizationMasterCreateTabPropertiesTest" tests="2" failures="0" timestamp="1 Mar 2021 07:54:51 GMT" time="56.766" errors="0">
  <testcase name="checkLogin" time="22.828" classname="com.focus.testcases.CustomizationMasterCreateTabPropertiesTest"/>
  <testcase name="checkCannotExportFieldCheckboxExistsInExportPopup" time="33.938" classname="com.focus.testcases.CustomizationMasterCreateTabPropertiesTest"/>
</testsuite> <!-- com.focus.testcases.CustomizationMasterCreateTabPropertiesTest -->
