<?xml version="1.0" encoding="UTF-8"?>
<!-- Generated by org.testng.reporters.JUnitReportReporter -->
<testsuite hostname="FOCUS-QA-10" name="com.focus.testcases.LoginPageSignInTest" tests="12" failures="0" timestamp="22 Nov 2022 18:03:38 GMT" time="71.787" errors="0">
  <testcase name="verifySignInWithRememberMeInLoginScreen" time="12.009" classname="com.focus.testcases.LoginPageSignInTest"/>
  <testcase name="verifyLogoutWithSignInAsRememberMe" time="3.757" classname="com.focus.testcases.LoginPageSignInTest"/>
  <testcase name="verifySuperUserAsMandatoryInLoginScreen" time="2.627" classname="com.focus.testcases.LoginPageSignInTest"/>
  <testcase name="verifyIForgotMyPassword" time="9.228" classname="com.focus.testcases.LoginPageSignInTest"/>
  <testcase name="verifySuperUserAsInvalidInLoginScreen" time="3.360" classname="com.focus.testcases.LoginPageSignInTest"/>
  <testcase name="verifyLoginInRememberMeRememberPassword" time="12.012" classname="com.focus.testcases.LoginPageSignInTest"/>
  <testcase name="verifyRememberMeRememberMyPasswordSelectedInLoginScreen" time="6.225" classname="com.focus.testcases.LoginPageSignInTest"/>
  <testcase name="verifyLogoutWithSignInAsRememberMeRememberMyPassword" time="6.253" classname="com.focus.testcases.LoginPageSignInTest"/>
  <testcase name="verifyPasswordAsInvalidInLoginScreen" time="4.491" classname="com.focus.testcases.LoginPageSignInTest"/>
  <testcase name="verifyRememberMeInLoginScreen" time="5.916" classname="com.focus.testcases.LoginPageSignInTest"/>
  <testcase name="verifyPassAsMandatoryInLoginScreen" time="2.965" classname="com.focus.testcases.LoginPageSignInTest"/>
  <testcase name="verifySignInRememberIsCheckedForSecondTime" time="2.944" classname="com.focus.testcases.LoginPageSignInTest"/>
</testsuite> <!-- com.focus.testcases.LoginPageSignInTest -->
