<?xml version="1.0" encoding="UTF-8"?>
<!-- Generated by org.testng.reporters.JUnitReportReporter -->
<testsuite hostname="FOCUS-QA-11" name="com.focus.testcases.SmokeBinsTest" tests="26" failures="2" timestamp="28 Oct 2020 23:04:13 GMT" time="356.453" errors="0">
  <testcase name="checkCloseButtonBinsUpdateCheck" time="3.728" classname="com.focus.testcases.SmokeBinsTest"/>
  <testcase name="checkDeleteBinsOptionForBinsMasterPage" time="47.024" classname="com.focus.testcases.SmokeBinsTest"/>
  <testcase name="checkCreateTreeToggleOptionsAvailableInBinsMastersPage" time="3.889" classname="com.focus.testcases.SmokeBinsTest"/>
  <testcase name="checkEditOptionForNewlyUpdateBins" time="8.543" classname="com.focus.testcases.SmokeBinsTest"/>
  <testcase name="checkOtherToolsOptionsAvailabilityInBinsMastersPageOnClickRibbonControlNextButton" time="5.588" classname="com.focus.testcases.SmokeBinsTest"/>
  <testcase name="checkCloseButtonBinsCreationPage" time="3.582" classname="com.focus.testcases.SmokeBinsTest"/>
  <testcase name="checkMainOptionsAvailabilityInBinsMasterPage" time="3.986" classname="com.focus.testcases.SmokeBinsTest"/>
  <testcase name="checkSaveBinCreation" time="12.729" classname="com.focus.testcases.SmokeBinsTest"/>
  <testcase name="checkBinsMasterPageIsDisplayByClickOnBinsMenu" time="7.370" classname="com.focus.testcases.SmokeBinsTest"/>
  <testcase name="checkEditOptionForNewlyCreateBins" time="11.279" classname="com.focus.testcases.SmokeBinsTest"/>
  <testcase name="checkDisplayOfGroupAvailableTreeStructureLeftPageBinsMasterPage" time="4.958" classname="com.focus.testcases.SmokeBinsTest"/>
  <testcase name="checkUnHideUnitsGroupOptionsAvailableInBinsMastersPage" time="3.578" classname="com.focus.testcases.SmokeBinsTest"/>
  <testcase name="checkLogoutInBinsMasterPage" time="82.092" classname="com.focus.testcases.SmokeBinsTest">
    <failure type="java.lang.AssertionError" message="expected [true] but found [false]">
      <![CDATA[java.lang.AssertionError: expected [true] but found [false]
	at org.testng.Assert.fail(Assert.java:94)
	at org.testng.Assert.failNotEquals(Assert.java:513)
	at org.testng.Assert.assertEqualsImpl(Assert.java:135)
	at org.testng.Assert.assertEquals(Assert.java:116)
	at org.testng.Assert.assertEquals(Assert.java:305)
	at org.testng.Assert.assertEquals(Assert.java:315)
	at com.focus.testcases.SmokeBinsTest.checkLogoutInBinsMasterPage(SmokeBinsTest.java:205)
	at sun.reflect.NativeMethodAccessorImpl.invoke0(Native Method)
	at sun.reflect.NativeMethodAccessorImpl.invoke(Unknown Source)
	at sun.reflect.DelegatingMethodAccessorImpl.invoke(Unknown Source)
	at java.lang.reflect.Method.invoke(Unknown Source)
	at org.testng.internal.MethodInvocationHelper.invokeMethod(MethodInvocationHelper.java:86)
	at org.testng.internal.Invoker.invokeMethod(Invoker.java:643)
	at org.testng.internal.Invoker.invokeTestMethod(Invoker.java:820)
	at org.testng.internal.Invoker.invokeTestMethods(Invoker.java:1128)
	at org.testng.internal.TestMethodWorker.invokeTestMethods(TestMethodWorker.java:129)
	at org.testng.internal.TestMethodWorker.run(TestMethodWorker.java:112)
	at org.testng.TestRunner.privateRun(TestRunner.java:782)
	at org.testng.TestRunner.run(TestRunner.java:632)
	at org.testng.SuiteRunner.runTest(SuiteRunner.java:366)
	at org.testng.SuiteRunner.runSequentially(SuiteRunner.java:361)
	at org.testng.SuiteRunner.privateRun(SuiteRunner.java:319)
	at org.testng.SuiteRunner.run(SuiteRunner.java:268)
	at org.testng.SuiteRunnerWorker.runSuite(SuiteRunnerWorker.java:52)
	at org.testng.SuiteRunnerWorker.run(SuiteRunnerWorker.java:86)
	at org.testng.TestNG.runSuitesSequentially(TestNG.java:1244)
	at org.testng.TestNG.runSuitesLocally(TestNG.java:1169)
	at org.testng.TestNG.run(TestNG.java:1064)
	at org.testng.remote.AbstractRemoteTestNG.run(AbstractRemoteTestNG.java:114)
	at org.testng.remote.RemoteTestNG.initAndRun(RemoteTestNG.java:251)
	at org.testng.remote.RemoteTestNG.main(RemoteTestNG.java:77)
]]>
    </failure>
  </testcase> <!-- checkLogoutInBinsMasterPage -->
  <testcase name="checkCloseBinsMaster" time="5.154" classname="com.focus.testcases.SmokeBinsTest"/>
  <testcase name="checkSearchOptionAvailableInBinsMastersPage" time="3.581" classname="com.focus.testcases.SmokeBinsTest"/>
  <testcase name="checkToolsOptionsAvailabilityOnClickMasterRibbonToExpandOptionsInBinsMastersPage" time="6.608" classname="com.focus.testcases.SmokeBinsTest"/>
  <testcase name="checkHeaderFieldsOptionsAvailableInBinsMastersPage" time="6.482" classname="com.focus.testcases.SmokeBinsTest"/>
  <testcase name="checkUnCheckingSelectBinsAndCheckUnSelectBins" time="2.175" classname="com.focus.testcases.SmokeBinsTest"/>
  <testcase name="checkSaveBin" time="9.822" classname="com.focus.testcases.SmokeBinsTest"/>
  <testcase name="checkSaveByUpdatingNameCodeTypeInBinsCreationPage" time="9.734" classname="com.focus.testcases.SmokeBinsTest"/>
  <testcase name="checkClickOnNewButtonInBinGroups" time="9.180" classname="com.focus.testcases.SmokeBinsTest"/>
  <testcase name="checkBinsMastersDisplayTableColumnNamesAvailableInBinstMastersPage" time="3.649" classname="com.focus.testcases.SmokeBinsTest"/>
  <testcase name="checkSignToCheckBinsMastersPage" time="88.450" classname="com.focus.testcases.SmokeBinsTest">
    <failure type="java.lang.AssertionError" message="expected [true] but found [false]">
      <![CDATA[java.lang.AssertionError: expected [true] but found [false]
	at org.testng.Assert.fail(Assert.java:94)
	at org.testng.Assert.failNotEquals(Assert.java:513)
	at org.testng.Assert.assertEqualsImpl(Assert.java:135)
	at org.testng.Assert.assertEquals(Assert.java:116)
	at org.testng.Assert.assertEquals(Assert.java:305)
	at org.testng.Assert.assertEquals(Assert.java:315)
	at com.focus.testcases.SmokeBinsTest.checkSignToCheckBinsMastersPage(SmokeBinsTest.java:23)
	at sun.reflect.NativeMethodAccessorImpl.invoke0(Native Method)
	at sun.reflect.NativeMethodAccessorImpl.invoke(Unknown Source)
	at sun.reflect.DelegatingMethodAccessorImpl.invoke(Unknown Source)
	at java.lang.reflect.Method.invoke(Unknown Source)
	at org.testng.internal.MethodInvocationHelper.invokeMethod(MethodInvocationHelper.java:86)
	at org.testng.internal.Invoker.invokeMethod(Invoker.java:643)
	at org.testng.internal.Invoker.invokeTestMethod(Invoker.java:820)
	at org.testng.internal.Invoker.invokeTestMethods(Invoker.java:1128)
	at org.testng.internal.TestMethodWorker.invokeTestMethods(TestMethodWorker.java:129)
	at org.testng.internal.TestMethodWorker.run(TestMethodWorker.java:112)
	at org.testng.TestRunner.privateRun(TestRunner.java:782)
	at org.testng.TestRunner.run(TestRunner.java:632)
	at org.testng.SuiteRunner.runTest(SuiteRunner.java:366)
	at org.testng.SuiteRunner.runSequentially(SuiteRunner.java:361)
	at org.testng.SuiteRunner.privateRun(SuiteRunner.java:319)
	at org.testng.SuiteRunner.run(SuiteRunner.java:268)
	at org.testng.SuiteRunnerWorker.runSuite(SuiteRunnerWorker.java:52)
	at org.testng.SuiteRunnerWorker.run(SuiteRunnerWorker.java:86)
	at org.testng.TestNG.runSuitesSequentially(TestNG.java:1244)
	at org.testng.TestNG.runSuitesLocally(TestNG.java:1169)
	at org.testng.TestNG.run(TestNG.java:1064)
	at org.testng.remote.AbstractRemoteTestNG.run(AbstractRemoteTestNG.java:114)
	at org.testng.remote.RemoteTestNG.initAndRun(RemoteTestNG.java:251)
	at org.testng.remote.RemoteTestNG.main(RemoteTestNG.java:77)
]]>
    </failure>
  </testcase> <!-- checkSignToCheckBinsMastersPage -->
  <testcase name="checkHideUnitGroupOptionsAvailableInBinsMastersPage" time="3.732" classname="com.focus.testcases.SmokeBinsTest"/>
  <testcase name="checkTreeViewOptionsAvailableInBinsMastersPage" time="5.372" classname="com.focus.testcases.SmokeBinsTest"/>
  <testcase name="checkCreateViewToggleOptionsAvailableBinsMastersPage" time="4.168" classname="com.focus.testcases.SmokeBinsTest"/>
</testsuite> <!-- com.focus.testcases.SmokeBinsTest -->
