<?xml version="1.0" encoding="UTF-8"?>
<!-- Generated by org.testng.reporters.JUnitReportReporter -->
<testsuite hostname="FOCUS-QA-118" name="com.focus.testcases.VoucherPrintTest" tests="4" failures="0" timestamp="10 May 2021 08:03:48 GMT" time="482.559" errors="0">
  <testcase name="checkEditingLayoutByAddingFields" time="124.136" classname="com.focus.testcases.VoucherPrintTest"/>
  <testcase name="checkSavingPurchasesVatDesignLayout" time="312.517" classname="com.focus.testcases.VoucherPrintTest"/>
  <testcase name="checkUpdatedLayoutAndDeleteTheLayout" time="26.105" classname="com.focus.testcases.VoucherPrintTest"/>
  <testcase name="checkLogin" time="19.801" classname="com.focus.testcases.VoucherPrintTest"/>
</testsuite> <!-- com.focus.testcases.VoucherPrintTest -->
