<?xml version="1.0" encoding="UTF-8"?>
<!-- Generated by org.testng.reporters.JUnitReportReporter -->
<testsuite hostname="WIN-IAPMSTLGQS0" name="com.focus.testcases.MasterCurrencyTest" tests="38" failures="0" timestamp="3 Nov 2020 13:57:14 GMT" time="164.661" errors="0">
  <testcase name="verifyYesRowDeleteOptionInExchangeRate" time="3.219" classname="com.focus.testcases.MasterCurrencyTest"/>
  <testcase name="verifyCancelOptionInCurrencyMaster" time="1.419" classname="com.focus.testcases.MasterCurrencyTest"/>
  <testcase name="verifySaveExchangeRateUSDCurrency" time="10.060" classname="com.focus.testcases.MasterCurrencyTest"/>
  <testcase name="verifyExchangeRateHistorySelectUSD" time="12.934" classname="com.focus.testcases.MasterCurrencyTest"/>
  <testcase name="verifyOpenExchangeRateHistory" time="5.513" classname="com.focus.testcases.MasterCurrencyTest"/>
  <testcase name="verifySaveWithBlankInputInCurrencyMaster" time="1.435" classname="com.focus.testcases.MasterCurrencyTest"/>
  <testcase name="checkLoginToCheckCurrency" time="13.593" classname="com.focus.testcases.MasterCurrencyTest"/>
  <testcase name="verifyCancelButtonInExchangeRateOfCurrencyMaster" time="1.526" classname="com.focus.testcases.MasterCurrencyTest"/>
  <testcase name="verifyOpenExchangeRate" time="6.530" classname="com.focus.testcases.MasterCurrencyTest"/>
  <testcase name="verifyExchangeRateTitleOnClickOnExchangeRateOptionInCurrencyMaster" time="2.324" classname="com.focus.testcases.MasterCurrencyTest"/>
  <testcase name="verifyRowDeleteFieldInExchangeRate" time="5.938" classname="com.focus.testcases.MasterCurrencyTest"/>
  <testcase name="verifyClearOptionInExchangeRate" time="2.244" classname="com.focus.testcases.MasterCurrencyTest"/>
  <testcase name="verifyExchangeRateFieldsOnClickOnExchangeRateOptionInCurrencyMaster" time="1.374" classname="com.focus.testcases.MasterCurrencyTest"/>
  <testcase name="verifyYesOptionForDeleteOptionInExchangeRate" time="6.986" classname="com.focus.testcases.MasterCurrencyTest"/>
  <testcase name="verifyDeleteOptionInExchangeRate" time="4.850" classname="com.focus.testcases.MasterCurrencyTest"/>
  <testcase name="verifyExchangeRateHistoryClearButton" time="1.541" classname="com.focus.testcases.MasterCurrencyTest"/>
  <testcase name="verifySaveButtonWithoutInputMandatoryFieldsInCurrencyExchangeRate" time="3.458" classname="com.focus.testcases.MasterCurrencyTest"/>
  <testcase name="verifyExchangeRateHistorySelectINR" time="4.776" classname="com.focus.testcases.MasterCurrencyTest"/>
  <testcase name="verifyCancelOptionInExchangeRateHistory" time="4.652" classname="com.focus.testcases.MasterCurrencyTest"/>
  <testcase name="verifyClearOptionInExchangeRateOfCurrencyMaster" time="7.172" classname="com.focus.testcases.MasterCurrencyTest"/>
  <testcase name="verifyExchangeRateHistorySelectAED" time="3.676" classname="com.focus.testcases.MasterCurrencyTest"/>
  <testcase name="verifyOpenCurrencyMenu" time="5.812" classname="com.focus.testcases.MasterCurrencyTest"/>
  <testcase name="verifyCurrencyExchnageRateSavedInformationDisplayExchnageRate" time="2.243" classname="com.focus.testcases.MasterCurrencyTest"/>
  <testcase name="verifyRowDeleteOptionInExchangeRate" time="1.258" classname="com.focus.testcases.MasterCurrencyTest"/>
  <testcase name="verifyNoRowDeleteOptionInExchangeRate" time="3.433" classname="com.focus.testcases.MasterCurrencyTest"/>
  <testcase name="checkSaveInExchangeRateOptionInCurrencyMaster" time="6.098" classname="com.focus.testcases.MasterCurrencyTest"/>
  <testcase name="verifyClearOptionInCurrencyMaster" time="7.629" classname="com.focus.testcases.MasterCurrencyTest"/>
  <testcase name="verifyNoOptionForDeleteOptionInExchangeRate" time="4.433" classname="com.focus.testcases.MasterCurrencyTest"/>
  <testcase name="verifySaveAEDExchangeRate" time="6.147" classname="com.focus.testcases.MasterCurrencyTest"/>
  <testcase name="verifyExchangeRateHistoryLoadButtonWithoutBaseCurrency" time="1.483" classname="com.focus.testcases.MasterCurrencyTest"/>
  <testcase name="verifyFieldsInCurrencyMaster" time="2.474" classname="com.focus.testcases.MasterCurrencyTest"/>
  <testcase name="verifyUpdateExchangeRateOfCurrencyMaster" time="4.296" classname="com.focus.testcases.MasterCurrencyTest"/>
  <testcase name="verifySaveWithBlankInputInExchangeRateOptionInCurrencyMaster" time="1.411" classname="com.focus.testcases.MasterCurrencyTest"/>
  <testcase name="verifySaveISOCurrencyCode" time="4.828" classname="com.focus.testcases.MasterCurrencyTest"/>
  <testcase name="verifyExchangeRateMenuFields" time="1.306" classname="com.focus.testcases.MasterCurrencyTest"/>
  <testcase name="verifyUpdateExchangeRate" time="3.643" classname="com.focus.testcases.MasterCurrencyTest"/>
  <testcase name="verifyCancelOptionInExchangeRate" time="1.438" classname="com.focus.testcases.MasterCurrencyTest"/>
  <testcase name="verifyExchangeRateHistoryMenuFields" time="1.509" classname="com.focus.testcases.MasterCurrencyTest"/>
</testsuite> <!-- com.focus.testcases.MasterCurrencyTest -->
