<?xml version="1.0" encoding="UTF-8"?>
<!-- Generated by org.testng.reporters.JUnitReportReporter -->
<testsuite hostname="FOCUS-QA-11" name="com.focus.testcases.InventoryReportsTest" tests="1" failures="0" timestamp="10 Dec 2020 16:05:11 GMT" time="3655.062" errors="0">
  <testcase name="checkStockLedgerReportInSERVER" time="3655.062" classname="com.focus.testcases.InventoryReportsTest"/>
</testsuite> <!-- com.focus.testcases.InventoryReportsTest -->
