<?xml version="1.0" encoding="UTF-8"?>
<!-- Generated by org.testng.reporters.JUnitReportReporter -->
<testsuite hostname="FOCUS-QA-10" name="com.focus.testcases.URLBrowserTest" tests="2" failures="0" timestamp="22 Nov 2022 18:03:38 GMT" time="13.314" errors="0">
  <testcase name="checkLoginPageTitleByURLInputInBrowser" time="4.746" classname="com.focus.testcases.URLBrowserTest"/>
  <testcase name="verifyBrowserOpen" time="8.568" classname="com.focus.testcases.URLBrowserTest"/>
</testsuite> <!-- com.focus.testcases.URLBrowserTest -->
