<?xml version="1.0" encoding="UTF-8"?>
<!-- Generated by org.testng.reporters.JUnitReportReporter -->
<testsuite hostname="FOCUS-QA-118" name="com.focus.testcases.NewRefererenceVochersTest" tests="2" failures="0" timestamp="13 May 2021 08:35:34 GMT" time="47.968" errors="0">
  <testcase name="checkSavingReportThroughAnalysisInLedgerReport" time="31.867" classname="com.focus.testcases.NewRefererenceVochersTest"/>
  <testcase name="checkLogin" time="16.101" classname="com.focus.testcases.NewRefererenceVochersTest"/>
</testsuite> <!-- com.focus.testcases.NewRefererenceVochersTest -->
